<?xml version="1.0" encoding="UTF-8"?>
<!-- Generated by org.testng.reporters.JUnitReportReporter -->
<testsuite skipped="0" hostname="DESKTOP-IUMP8HU" name="page_object_test.DiscountJoinPageTest" tests="1" failures="0" timestamp="2020-09-23T17:56:39 EDT" time="19.685" errors="0">
  <testcase name="testdiscountpage" time="19.685" classname="page_object_test.DiscountJoinPageTest"/>
  <system-out/>
</testsuite> <!-- page_object_test.DiscountJoinPageTest -->
